2023-11-28 11:01:13.3094|INFO|A.b|Setting up adapter
2023-11-28 11:01:13.3322|INFO|BStack.VisualStudio.TestAdapter.BStackTestExecutor|NUnit test stated from cli
2023-11-28 11:02:05.6678|INFO|A.b|Exec: dotnet browserstack-sdk --skip-build-browserstack "/Users/vinayak/Desktop/Debug/csharp-playwright-browserstack/CSharp-Playwright-BrowserStack/bin/Debug/net6.0/CSharpPlaywrightBrowserStack.dll" --filter "Category=sample-test"
2023-11-28 11:02:05.6693|INFO|A.b|0 : 
2023-11-28 11:01:16.5382|INFO|browserstack_sdk.Program|Detected Playwright version 1.36.0
2023-11-28 11:01:16.8289|INFO|browserstack_sdk.Program|Detected dotnet version 6.0.417
2023-11-28 11:01:21.0964|INFO|browserstack_sdk.Program|Starting local
2023-11-28 11:01:37.5079|INFO|browserstack_sdk.Program|Local started
2023-11-28 11:01:52.8954|INFO|browserstack_sdk.Program|running bash file
The following arguments have been ignored : "--no-build"
Microsoft (R) Test Execution Command Line Tool Version 17.3.3 (x64)
Copyright (c) Microsoft Corporation.  All rights reserved.

Starting test execution, please wait...
A total of 1 test files matched the specified pattern.
Failed to load extensions from file '/Users/vinayak/Desktop/Debug/csharp-playwright-browserstack/CSharp-Playwright-BrowserStack/bin/Debug/net6.0/ZZStack.TestAdapter.dll'. Please use /diag for more information.
Phone =>iPhone 12
Bag quantity =>1
Cart item => iPhone 12


Passed!  - Failed:     0, Passed:     1, Skipped:     0, Total:     1, Duration: 11 s - /Users/vinayak/Desktop/Debug/csharp-playwright-browserstack/CSharp-Playwright-BrowserStack/bin/Debug/net6.0/CSharpPlaywrightBrowserStack.dll (net6.0)
Results File: /var/folders/bc/6b1mjw4s4456g_gg5zbd9rw00000gn/T/.browserstack/results_dotnet/result_1/NUnit-Browserstack.xml

2023-11-28 11:01:59.1477|INFO|browserstack_sdk.Program|running bash file
The following arguments have been ignored : "--no-build"
Microsoft (R) Test Execution Command Line Tool Version 17.3.3 (x64)
Copyright (c) Microsoft Corporation.  All rights reserved.

Starting test execution, please wait...
A total of 1 test files matched the specified pattern.
Failed to load extensions from file '/Users/vinayak/Desktop/Debug/csharp-playwright-browserstack/CSharp-Playwright-BrowserStack/bin/Debug/net6.0/ZZStack.TestAdapter.dll'. Please use /diag for more information.
Phone =>iPhone 12
Bag quantity =>1
Cart item => iPhone 12


Passed!  - Failed:     0, Passed:     1, Skipped:     0, Total:     1, Duration: 17 s - /Users/vinayak/Desktop/Debug/csharp-playwright-browserstack/CSharp-Playwright-BrowserStack/bin/Debug/net6.0/CSharpPlaywrightBrowserStack.dll (net6.0)
Results File: /var/folders/bc/6b1mjw4s4456g_gg5zbd9rw00000gn/T/.browserstack/results_dotnet/result_2/NUnit-Browserstack.xml

2023-11-28 11:02:02.8631|INFO|browserstack_sdk.Program|running bash file
The following arguments have been ignored : "--no-build"
Microsoft (R) Test Execution Command Line Tool Version 17.3.3 (x64)
Copyright (c) Microsoft Corporation.  All rights reserved.

Starting test execution, please wait...
A total of 1 test files matched the specified pattern.
Failed to load extensions from file '/Users/vinayak/Desktop/Debug/csharp-playwright-browserstack/CSharp-Playwright-BrowserStack/bin/Debug/net6.0/ZZStack.TestAdapter.dll'. Please use /diag for more information.
Phone =>iPhone 12
Bag quantity =>1
Cart item => iPhone 12


Passed!  - Failed:     0, Passed:     1, Skipped:     0, Total:     1, Duration: 21 s - /Users/vinayak/Desktop/Debug/csharp-playwright-browserstack/CSharp-Playwright-BrowserStack/bin/Debug/net6.0/CSharpPlaywrightBrowserStack.dll (net6.0)
Results File: /var/folders/bc/6b1mjw4s4456g_gg5zbd9rw00000gn/T/.browserstack/results_dotnet/result_0/NUnit-Browserstack.xml

2023-11-28 11:02:02.8631|INFO|browserstack_sdk.Program|Stopping local
2023-11-28 11:02:05.2404|INFO|browserstack_sdk.utils|View build on BrowserStack dashboard: https://automate.browserstack.com/dashboard/v2/builds/9f9faea7d175fb081aadc9ca4b644b47a5cb4bb6


2023-11-28 11:02:05.6707|INFO|A.b|Getting results from: /var/folders/bc/6b1mjw4s4456g_gg5zbd9rw00000gn/T/.browserstack
2023-11-28 11:02:05.6929|INFO|A.b|Cleaning up adapter
2023-11-28 12:17:19.0401|INFO|A.b|Setting up adapter
2023-11-28 12:17:19.0587|INFO|BStack.VisualStudio.TestAdapter.BStackTestExecutor|NUnit test stated from cli
2023-11-28 12:17:57.1608|INFO|A.b|Setting up adapter
2023-11-28 12:17:57.1820|INFO|BStack.VisualStudio.TestAdapter.BStackTestExecutor|NUnit test stated from cli
2023-11-28 12:18:46.0273|INFO|A.b|Exec: dotnet browserstack-sdk --skip-build-browserstack "/Users/vinayak/Desktop/Debug/csharp-playwright-browserstack/CSharp-Playwright-BrowserStack/bin/Debug/net6.0/CSharpPlaywrightBrowserStack.dll" --filter "Category=sample-test"
2023-11-28 12:18:46.0283|INFO|A.b|0 : 
2023-11-28 12:18:00.7457|INFO|browserstack_sdk.Program|Detected Playwright version 1.36.0
2023-11-28 12:18:01.0615|INFO|browserstack_sdk.Program|Detected dotnet version 6.0.417
2023-11-28 12:18:03.9945|INFO|browserstack_sdk.Program|Starting local
2023-11-28 12:18:08.4879|INFO|browserstack_sdk.Program|Local started
2023-11-28 12:18:19.8364|INFO|browserstack_sdk.Program|running bash file
The following arguments have been ignored : "--no-build"
Microsoft (R) Test Execution Command Line Tool Version 17.3.3 (x64)
Copyright (c) Microsoft Corporation.  All rights reserved.

Starting test execution, please wait...
A total of 1 test files matched the specified pattern.
Failed to load extensions from file '/Users/vinayak/Desktop/Debug/csharp-playwright-browserstack/CSharp-Playwright-BrowserStack/bin/Debug/net6.0/ZZStack.TestAdapter.dll'. Please use /diag for more information.
Percy is running
Phone =>iPhone 12
Bag quantity =>1
Cart item => iPhone 12


Passed!  - Failed:     0, Passed:     1, Skipped:     0, Total:     1, Duration: 7 s - /Users/vinayak/Desktop/Debug/csharp-playwright-browserstack/CSharp-Playwright-BrowserStack/bin/Debug/net6.0/CSharpPlaywrightBrowserStack.dll (net6.0)
Results File: /var/folders/bc/6b1mjw4s4456g_gg5zbd9rw00000gn/T/.browserstack/results_dotnet/result_1/NUnit-Browserstack.xml

2023-11-28 12:18:22.7971|INFO|browserstack_sdk.Program|running bash file
The following arguments have been ignored : "--no-build"
Microsoft (R) Test Execution Command Line Tool Version 17.3.3 (x64)
Copyright (c) Microsoft Corporation.  All rights reserved.

Starting test execution, please wait...
A total of 1 test files matched the specified pattern.
Failed to load extensions from file '/Users/vinayak/Desktop/Debug/csharp-playwright-browserstack/CSharp-Playwright-BrowserStack/bin/Debug/net6.0/ZZStack.TestAdapter.dll'. Please use /diag for more information.
Percy is running
Phone =>iPhone 12
Bag quantity =>1
Cart item => iPhone 12


Passed!  - Failed:     0, Passed:     1, Skipped:     0, Total:     1, Duration: 11 s - /Users/vinayak/Desktop/Debug/csharp-playwright-browserstack/CSharp-Playwright-BrowserStack/bin/Debug/net6.0/CSharpPlaywrightBrowserStack.dll (net6.0)
Results File: /var/folders/bc/6b1mjw4s4456g_gg5zbd9rw00000gn/T/.browserstack/results_dotnet/result_0/NUnit-Browserstack.xml

2023-11-28 12:18:43.1922|INFO|browserstack_sdk.Program|running bash file
The following arguments have been ignored : "--no-build"
Microsoft (R) Test Execution Command Line Tool Version 17.3.3 (x64)
Copyright (c) Microsoft Corporation.  All rights reserved.

Starting test execution, please wait...
A total of 1 test files matched the specified pattern.
Failed to load extensions from file '/Users/vinayak/Desktop/Debug/csharp-playwright-browserstack/CSharp-Playwright-BrowserStack/bin/Debug/net6.0/ZZStack.TestAdapter.dll'. Please use /diag for more information.
Percy is running
Phone =>iPhone 12
Bag quantity =>1
Cart item => iPhone 12


Passed!  - Failed:     0, Passed:     1, Skipped:     0, Total:     1, Duration: 30 s - /Users/vinayak/Desktop/Debug/csharp-playwright-browserstack/CSharp-Playwright-BrowserStack/bin/Debug/net6.0/CSharpPlaywrightBrowserStack.dll (net6.0)
Results File: /var/folders/bc/6b1mjw4s4456g_gg5zbd9rw00000gn/T/.browserstack/results_dotnet/result_2/NUnit-Browserstack.xml

2023-11-28 12:18:43.1929|INFO|browserstack_sdk.Program|Stopping local
2023-11-28 12:18:45.6671|INFO|browserstack_sdk.utils|View build on BrowserStack dashboard: https://automate.browserstack.com/dashboard/v2/builds/41621522f5d4d73acc3a07c97711ed4d6642b9f2


2023-11-28 12:18:46.0298|INFO|A.b|Getting results from: /var/folders/bc/6b1mjw4s4456g_gg5zbd9rw00000gn/T/.browserstack
2023-11-28 12:18:46.0503|INFO|A.b|Cleaning up adapter
2023-11-28 12:20:57.6971|INFO|A.b|Setting up adapter
2023-11-28 12:20:57.7141|INFO|BStack.VisualStudio.TestAdapter.BStackTestExecutor|NUnit test stated from cli
2023-11-28 12:22:28.1975|INFO|A.b|Setting up adapter
2023-11-28 12:22:28.2146|INFO|BStack.VisualStudio.TestAdapter.BStackTestExecutor|NUnit test stated from cli
2023-11-28 12:22:59.8425|INFO|A.b|Exec: dotnet browserstack-sdk --skip-build-browserstack "/Users/vinayak/Desktop/Debug/csharp-playwright-browserstack/CSharp-Playwright-BrowserStack/bin/Debug/net6.0/CSharpPlaywrightBrowserStack.dll" --filter "Category=sample-test"
2023-11-28 12:22:59.8435|INFO|A.b|0 : 
2023-11-28 12:22:31.2950|INFO|browserstack_sdk.Program|Detected Playwright version 1.36.0
2023-11-28 12:22:31.5862|INFO|browserstack_sdk.Program|Detected dotnet version 6.0.417
2023-11-28 12:22:59.1364|INFO|browserstack_sdk.Program|running bash file
The following arguments have been ignored : "--no-build"
Microsoft (R) Test Execution Command Line Tool Version 17.3.3 (x64)
Copyright (c) Microsoft Corporation.  All rights reserved.

Starting test execution, please wait...
A total of 1 test files matched the specified pattern.
Failed to load extensions from file '/Users/vinayak/Desktop/Debug/csharp-playwright-browserstack/CSharp-Playwright-BrowserStack/bin/Debug/net6.0/ZZStack.TestAdapter.dll'. Please use /diag for more information.
Percy is running
Phone =>iPhone 12
Bag quantity =>1
Cart item => iPhone 12


Passed!  - Failed:     0, Passed:     1, Skipped:     0, Total:     1, Duration: 21 s - /Users/vinayak/Desktop/Debug/csharp-playwright-browserstack/CSharp-Playwright-BrowserStack/bin/Debug/net6.0/CSharpPlaywrightBrowserStack.dll (net6.0)
Results File: /var/folders/bc/6b1mjw4s4456g_gg5zbd9rw00000gn/T/.browserstack/results_dotnet/result_0/NUnit-Browserstack.xml

2023-11-28 12:22:59.4939|INFO|browserstack_sdk.utils|View build on BrowserStack dashboard: https://automate.browserstack.com/dashboard/v2/builds/06cd95c7a0938f41f5206c5a3bd5afb7dd890e1b


2023-11-28 12:22:59.8448|INFO|A.b|Getting results from: /var/folders/bc/6b1mjw4s4456g_gg5zbd9rw00000gn/T/.browserstack
2023-11-28 12:22:59.8631|INFO|A.b|Cleaning up adapter
2023-11-28 12:24:41.7800|INFO|A.b|Setting up adapter
2023-11-28 12:24:41.7989|INFO|BStack.VisualStudio.TestAdapter.BStackTestExecutor|NUnit test stated from cli
2023-11-28 13:10:45.4470|INFO|A.b|Setting up adapter
2023-11-28 13:10:45.4642|INFO|BStack.VisualStudio.TestAdapter.BStackTestExecutor|NUnit test stated from cli
2023-11-28 13:13:58.3875|INFO|A.b|Setting up adapter
2023-11-28 13:13:58.4053|INFO|BStack.VisualStudio.TestAdapter.BStackTestExecutor|NUnit test stated from cli
2023-11-28 13:14:30.3229|INFO|A.b|Exec: dotnet browserstack-sdk --skip-build-browserstack "/Users/vinayak/Desktop/Debug/csharp-playwright-browserstack/CSharp-Playwright-BrowserStack/bin/Debug/net6.0/CSharpPlaywrightBrowserStack.dll" --filter "Category=sample-test"
2023-11-28 13:14:30.3234|INFO|A.b|0 : 
2023-11-28 13:14:01.4288|INFO|browserstack_sdk.Program|Detected Playwright version 1.36.0
2023-11-28 13:14:01.6955|INFO|browserstack_sdk.Program|Detected dotnet version 6.0.417
2023-11-28 13:14:29.5953|INFO|browserstack_sdk.Program|running bash file
The following arguments have been ignored : "--no-build"
Microsoft (R) Test Execution Command Line Tool Version 17.3.3 (x64)
Copyright (c) Microsoft Corporation.  All rights reserved.

Starting test execution, please wait...
A total of 1 test files matched the specified pattern.
Failed to load extensions from file '/Users/vinayak/Desktop/Debug/csharp-playwright-browserstack/CSharp-Playwright-BrowserStack/bin/Debug/net6.0/ZZStack.TestAdapter.dll'. Please use /diag for more information.
Percy is running
Phone =>iPhone 12
Bag quantity =>1
Cart item => iPhone 12


Passed!  - Failed:     0, Passed:     1, Skipped:     0, Total:     1, Duration: 18 s - /Users/vinayak/Desktop/Debug/csharp-playwright-browserstack/CSharp-Playwright-BrowserStack/bin/Debug/net6.0/CSharpPlaywrightBrowserStack.dll (net6.0)
Results File: /var/folders/bc/6b1mjw4s4456g_gg5zbd9rw00000gn/T/.browserstack/results_dotnet/result_0/NUnit-Browserstack.xml

2023-11-28 13:14:29.9657|INFO|browserstack_sdk.utils|View build on BrowserStack dashboard: https://automate.browserstack.com/dashboard/v2/builds/bd2e9a7a9ff9baac942fb235986fdd3473468976


2023-11-28 13:14:30.3244|INFO|A.b|Getting results from: /var/folders/bc/6b1mjw4s4456g_gg5zbd9rw00000gn/T/.browserstack
2023-11-28 13:14:30.3401|INFO|A.b|Cleaning up adapter
2023-11-28 13:19:39.1434|INFO|A.b|Setting up adapter
2023-11-28 13:19:39.1645|INFO|BStack.VisualStudio.TestAdapter.BStackTestExecutor|NUnit test stated from cli
2023-11-28 13:20:21.5984|INFO|A.b|Setting up adapter
2023-11-28 13:20:21.6146|INFO|BStack.VisualStudio.TestAdapter.BStackTestExecutor|NUnit test stated from cli
2023-11-28 13:20:45.2395|INFO|A.b|Exec: dotnet browserstack-sdk --skip-build-browserstack "/Users/vinayak/Desktop/Debug/csharp-playwright-browserstack/CSharp-Playwright-BrowserStack/bin/Debug/net6.0/CSharpPlaywrightBrowserStack.dll" --filter "Category=sample-test"
2023-11-28 13:20:45.2404|INFO|A.b|0 : 
2023-11-28 13:20:24.6405|INFO|browserstack_sdk.Program|Detected Playwright version 1.36.0
2023-11-28 13:20:24.9064|INFO|browserstack_sdk.Program|Detected dotnet version 6.0.417
2023-11-28 13:20:44.5181|INFO|browserstack_sdk.Program|running bash file
The following arguments have been ignored : "--no-build"
Microsoft (R) Test Execution Command Line Tool Version 17.3.3 (x64)
Copyright (c) Microsoft Corporation.  All rights reserved.

Starting test execution, please wait...
A total of 1 test files matched the specified pattern.
Failed to load extensions from file '/Users/vinayak/Desktop/Debug/csharp-playwright-browserstack/CSharp-Playwright-BrowserStack/bin/Debug/net6.0/ZZStack.TestAdapter.dll'. Please use /diag for more information.
Percy is running
Percy is running
Not able to capture the screenshot due to error SyntaxError: Illegal return statement
    at eval (<anonymous>)
    at UtilityScript.evaluate (<anonymous>:201:30)
    at UtilityScript.<anonymous> (<anonymous>:1:44)
Phone =>iPhone 12
Bag quantity =>1
Cart item => iPhone 12


Passed!  - Failed:     0, Passed:     1, Skipped:     0, Total:     1, Duration: 13 s - /Users/vinayak/Desktop/Debug/csharp-playwright-browserstack/CSharp-Playwright-BrowserStack/bin/Debug/net6.0/CSharpPlaywrightBrowserStack.dll (net6.0)
Results File: /var/folders/bc/6b1mjw4s4456g_gg5zbd9rw00000gn/T/.browserstack/results_dotnet/result_0/NUnit-Browserstack.xml

2023-11-28 13:20:44.8813|INFO|browserstack_sdk.utils|View build on BrowserStack dashboard: https://automate.browserstack.com/dashboard/v2/builds/5debf31e9131baf38abfb2f32480242566731f97


2023-11-28 13:20:45.2414|INFO|A.b|Getting results from: /var/folders/bc/6b1mjw4s4456g_gg5zbd9rw00000gn/T/.browserstack
2023-11-28 13:20:45.2642|INFO|A.b|Cleaning up adapter
2023-11-29 12:13:04.4934|INFO|A.b|Setting up adapter
2023-11-29 12:13:04.5114|INFO|BStack.VisualStudio.TestAdapter.BStackTestExecutor|NUnit test stated from cli
2023-11-29 12:13:56.6978|INFO|A.b|Exec: dotnet browserstack-sdk --skip-build-browserstack "/Users/vinayak/Desktop/Debug/csharp-playwright-browserstack/CSharp-Playwright-BrowserStack/bin/Debug/net6.0/CSharpPlaywrightBrowserStack.dll" --filter "Category=sample-test"
2023-11-29 12:13:56.6978|INFO|A.b|0 : 
2023-11-29 12:13:07.8635|INFO|browserstack_sdk.Program|Detected Playwright version 1.36.0
2023-11-29 12:13:08.1420|INFO|browserstack_sdk.Program|Detected dotnet version 6.0.417
2023-11-29 12:13:54.3334|INFO|browserstack_sdk.Program|running bash file
The following arguments have been ignored : "--no-build"
Microsoft (R) Test Execution Command Line Tool Version 17.3.3 (x64)
Copyright (c) Microsoft Corporation.  All rights reserved.

Starting test execution, please wait...
A total of 1 test files matched the specified pattern.
Failed to load extensions from file '/Users/vinayak/Desktop/Debug/csharp-playwright-browserstack/CSharp-Playwright-BrowserStack/bin/Debug/net6.0/ZZStack.TestAdapter.dll'. Please use /diag for more information.
  Failed SearchBstackDemo [39 s]
  Error Message:
   System.TimeoutException : Timeout 30000ms exceeded.
=========================== logs ===========================
navigating to "https://bstackdemo.com/", waiting until "load"
============================================================
  Stack Trace:
     at Microsoft.Playwright.Transport.Connection.InnerSendMessageToServerAsync[T](String guid, String method, Dictionary`2 dictionary, Boolean keepNulls) in /_/src/Playwright/Transport/Connection.cs:line 192
   at Microsoft.Playwright.Transport.Connection.WrapApiCallAsync[T](Func`1 action, Boolean isInternal)
   at Microsoft.Playwright.Core.Frame.GotoAsync(String url, FrameGotoOptions options) in /_/src/Playwright/Core/Frame.cs:line 617
   at CSharpPlaywrightBrowserStack.SampleTest.SearchBstackDemo() in /Users/vinayak/Desktop/Debug/csharp-playwright-browserstack/CSharp-Playwright-BrowserStack/SampleTest.cs:line 24
   at NUnit.Framework.Internal.TaskAwaitAdapter.GenericAdapter`1.BlockUntilCompleted()
   at NUnit.Framework.Internal.MessagePumpStrategy.NoMessagePumpStrategy.WaitForCompletion(AwaitAdapter awaiter)
   at NUnit.Framework.Internal.AsyncToSyncAdapter.Await(Func`1 invoke)
   at NUnit.Framework.Internal.Commands.TestMethodCommand.RunTestMethod(TestExecutionContext context)
   at NUnit.Framework.Internal.Commands.TestMethodCommand.Execute(TestExecutionContext context)
   at NUnit.Framework.Internal.Commands.BeforeAndAfterTestCommand.<>c__DisplayClass1_0.<Execute>b__0()
   at NUnit.Framework.Internal.Commands.DelegatingTestCommand.RunTestMethodInThreadAbortSafeZone(TestExecutionContext context, Action action)


Failed!  - Failed:     1, Passed:     0, Skipped:     0, Total:     1, Duration: 39 s - /Users/vinayak/Desktop/Debug/csharp-playwright-browserstack/CSharp-Playwright-BrowserStack/bin/Debug/net6.0/CSharpPlaywrightBrowserStack.dll (net6.0)
Results File: /var/folders/bc/6b1mjw4s4456g_gg5zbd9rw00000gn/T/.browserstack/results_dotnet/result_0/NUnit-Browserstack.xml

2023-11-29 12:13:55.5328|INFO|browserstack_sdk.utils|View build on BrowserStack dashboard: https://automate.browserstack.com/dashboard/v2/builds/8e6564c14999532c2eee469fd921e45cddf14158


2023-11-29 12:13:56.6991|INFO|A.b|Getting results from: /var/folders/bc/6b1mjw4s4456g_gg5zbd9rw00000gn/T/.browserstack
2023-11-29 12:13:56.7169|INFO|A.b|Cleaning up adapter
2023-11-29 12:15:16.8066|INFO|A.b|Setting up adapter
2023-11-29 12:15:16.8294|INFO|BStack.VisualStudio.TestAdapter.BStackTestExecutor|NUnit test stated from cli
2023-11-29 12:15:50.4296|INFO|A.b|Setting up adapter
2023-11-29 12:15:50.4562|INFO|BStack.VisualStudio.TestAdapter.BStackTestExecutor|NUnit test stated from cli
2023-11-29 12:16:47.1762|INFO|A.b|Exec: dotnet browserstack-sdk --skip-build-browserstack "/Users/vinayak/Desktop/Debug/csharp-playwright-browserstack/CSharp-Playwright-BrowserStack/bin/Debug/net6.0/CSharpPlaywrightBrowserStack.dll" --filter "Category=sample-test"
2023-11-29 12:16:47.1770|INFO|A.b|0 : 
2023-11-29 12:15:55.8297|INFO|browserstack_sdk.Program|Detected Playwright version 1.36.0
2023-11-29 12:15:56.1380|INFO|browserstack_sdk.Program|Detected dotnet version 6.0.417
2023-11-29 12:16:46.3936|INFO|browserstack_sdk.Program|running bash file
The following arguments have been ignored : "--no-build"
Microsoft (R) Test Execution Command Line Tool Version 17.3.3 (x64)
Copyright (c) Microsoft Corporation.  All rights reserved.

Starting test execution, please wait...
A total of 1 test files matched the specified pattern.
Failed to load extensions from file '/Users/vinayak/Desktop/Debug/csharp-playwright-browserstack/CSharp-Playwright-BrowserStack/bin/Debug/net6.0/ZZStack.TestAdapter.dll'. Please use /diag for more information.
Percy is running
Percy is running
I return sereil
Not able to capture the screenshot due to error SyntaxError: Illegal return statement
    at eval (<anonymous>)
    at UtilityScript.evaluate (<anonymous>:201:30)
    at UtilityScript.<anonymous> (<anonymous>:1:44)

  Failed SearchBstackDemo [44 s]
  Error Message:
   System.TimeoutException : Timeout 30000ms exceeded.
=========================== logs ===========================
waiting for locator('[id="\\31 "]').getByText('Add to Cart')
============================================================
  Stack Trace:
     at Microsoft.Playwright.Transport.Connection.InnerSendMessageToServerAsync[T](String guid, String method, Dictionary`2 dictionary, Boolean keepNulls) in /_/src/Playwright/Transport/Connection.cs:line 192
   at Microsoft.Playwright.Transport.Connection.WrapApiCallAsync[T](Func`1 action, Boolean isInternal)
   at CSharpPlaywrightBrowserStack.SampleTest.SearchBstackDemo() in /Users/vinayak/Desktop/Debug/csharp-playwright-browserstack/CSharp-Playwright-BrowserStack/SampleTest.cs:line 28
   at NUnit.Framework.Internal.TaskAwaitAdapter.GenericAdapter`1.BlockUntilCompleted()
   at NUnit.Framework.Internal.MessagePumpStrategy.NoMessagePumpStrategy.WaitForCompletion(AwaitAdapter awaiter)
   at NUnit.Framework.Internal.AsyncToSyncAdapter.Await(Func`1 invoke)
   at NUnit.Framework.Internal.Commands.TestMethodCommand.RunTestMethod(TestExecutionContext context)
   at NUnit.Framework.Internal.Commands.TestMethodCommand.Execute(TestExecutionContext context)
   at NUnit.Framework.Internal.Commands.BeforeAndAfterTestCommand.<>c__DisplayClass1_0.<Execute>b__0()
   at NUnit.Framework.Internal.Commands.DelegatingTestCommand.RunTestMethodInThreadAbortSafeZone(TestExecutionContext context, Action action)

  Standard Output Messages:
 Percy is running
 Percy is running
 I return sereil
 Not able to capture the screenshot due to error SyntaxError: Illegal return statement
     at eval (<anonymous>)
     at UtilityScript.evaluate (<anonymous>:201:30)
     at UtilityScript.<anonymous> (<anonymous>:1:44)



Failed!  - Failed:     1, Passed:     0, Skipped:     0, Total:     1, Duration: 44 s - /Users/vinayak/Desktop/Debug/csharp-playwright-browserstack/CSharp-Playwright-BrowserStack/bin/Debug/net6.0/CSharpPlaywrightBrowserStack.dll (net6.0)
Results File: /var/folders/bc/6b1mjw4s4456g_gg5zbd9rw00000gn/T/.browserstack/results_dotnet/result_0/NUnit-Browserstack.xml

2023-11-29 12:16:46.8053|INFO|browserstack_sdk.utils|View build on BrowserStack dashboard: https://automate.browserstack.com/dashboard/v2/builds/422134667ad2142099f7e3e109f0331d07494ff5


2023-11-29 12:16:47.1782|INFO|A.b|Getting results from: /var/folders/bc/6b1mjw4s4456g_gg5zbd9rw00000gn/T/.browserstack
2023-11-29 12:16:47.1962|INFO|A.b|Cleaning up adapter
2023-11-30 22:19:43.9311|INFO|A.b|Setting up adapter
2023-11-30 22:19:43.9492|INFO|BStack.VisualStudio.TestAdapter.BStackTestExecutor|NUnit test stated from cli
2023-11-30 22:20:38.4026|INFO|A.b|Exec: dotnet browserstack-sdk --skip-build-browserstack "/Users/vinayak/Desktop/Debug/csharp-playwright-browserstack/CSharp-Playwright-BrowserStack/bin/Debug/net6.0/CSharpPlaywrightBrowserStack.dll" --filter "Category=sample-test"
2023-11-30 22:20:38.4030|INFO|A.b|0 : 
2023-11-30 22:19:47.6201|INFO|browserstack_sdk.Program|Detected Playwright version 1.36.0
2023-11-30 22:19:47.9515|INFO|browserstack_sdk.Program|Detected dotnet version 6.0.417
2023-11-30 22:20:37.7205|INFO|browserstack_sdk.Program|running bash file
The following arguments have been ignored : "--no-build"
Microsoft (R) Test Execution Command Line Tool Version 17.3.3 (x64)
Copyright (c) Microsoft Corporation.  All rights reserved.

Starting test execution, please wait...
A total of 1 test files matched the specified pattern.
Failed to load extensions from file '/Users/vinayak/Desktop/Debug/csharp-playwright-browserstack/CSharp-Playwright-BrowserStack/bin/Debug/net6.0/ZZStack.TestAdapter.dll'. Please use /diag for more information.
Percy is enabled
Percy before eval domasync
Percy is enabled
Percy is enable in enabledaysnc
Return the response
Percy after eval domasync
Not able to capture the screenshot due to error SyntaxError: Illegal return statement
    at eval (<anonymous>)
    at UtilityScript.evaluate (<anonymous>:201:30)
    at UtilityScript.<anonymous> (<anonymous>:1:44)

  Failed SearchBstackDemo [42 s]
  Error Message:
   System.TimeoutException : Timeout 30000ms exceeded.
=========================== logs ===========================
waiting for locator('[id="\\31 "]').getByText('Add to Cart')
============================================================
  Stack Trace:
     at Microsoft.Playwright.Transport.Connection.InnerSendMessageToServerAsync[T](String guid, String method, Dictionary`2 dictionary, Boolean keepNulls) in /_/src/Playwright/Transport/Connection.cs:line 192
   at Microsoft.Playwright.Transport.Connection.WrapApiCallAsync[T](Func`1 action, Boolean isInternal)
   at CSharpPlaywrightBrowserStack.SampleTest.SearchBstackDemo() in /Users/vinayak/Desktop/Debug/csharp-playwright-browserstack/CSharp-Playwright-BrowserStack/SampleTest.cs:line 28
   at NUnit.Framework.Internal.TaskAwaitAdapter.GenericAdapter`1.BlockUntilCompleted()
   at NUnit.Framework.Internal.MessagePumpStrategy.NoMessagePumpStrategy.WaitForCompletion(AwaitAdapter awaiter)
   at NUnit.Framework.Internal.AsyncToSyncAdapter.Await(Func`1 invoke)
   at NUnit.Framework.Internal.Commands.TestMethodCommand.RunTestMethod(TestExecutionContext context)
   at NUnit.Framework.Internal.Commands.TestMethodCommand.Execute(TestExecutionContext context)
   at NUnit.Framework.Internal.Commands.BeforeAndAfterTestCommand.<>c__DisplayClass1_0.<Execute>b__0()
   at NUnit.Framework.Internal.Commands.DelegatingTestCommand.RunTestMethodInThreadAbortSafeZone(TestExecutionContext context, Action action)

  Standard Output Messages:
 Percy is enabled
 Percy before eval domasync
 Percy is enabled
 Percy is enable in enabledaysnc
 Return the response
 Percy after eval domasync
 Not able to capture the screenshot due to error SyntaxError: Illegal return statement
     at eval (<anonymous>)
     at UtilityScript.evaluate (<anonymous>:201:30)
     at UtilityScript.<anonymous> (<anonymous>:1:44)



Failed!  - Failed:     1, Passed:     0, Skipped:     0, Total:     1, Duration: 42 s - /Users/vinayak/Desktop/Debug/csharp-playwright-browserstack/CSharp-Playwright-BrowserStack/bin/Debug/net6.0/CSharpPlaywrightBrowserStack.dll (net6.0)
Results File: /var/folders/bc/6b1mjw4s4456g_gg5zbd9rw00000gn/T/.browserstack/results_dotnet/result_0/NUnit-Browserstack.xml

2023-11-30 22:20:38.0507|INFO|browserstack_sdk.utils|View build on BrowserStack dashboard: https://automate.browserstack.com/dashboard/v2/builds/9f9faea7d175fb081aadc9ca4b644b47a5cb4bb6


2023-11-30 22:20:38.4042|INFO|A.b|Getting results from: /var/folders/bc/6b1mjw4s4456g_gg5zbd9rw00000gn/T/.browserstack
2023-11-30 22:20:38.4248|INFO|A.b|Cleaning up adapter
2023-11-30 22:21:35.1284|INFO|A.b|Setting up adapter
2023-11-30 22:21:35.1480|INFO|BStack.VisualStudio.TestAdapter.BStackTestExecutor|NUnit test stated from cli
2023-11-30 22:22:27.5321|INFO|A.b|Exec: dotnet browserstack-sdk --skip-build-browserstack "/Users/vinayak/Desktop/Debug/csharp-playwright-browserstack/CSharp-Playwright-BrowserStack/bin/Debug/net6.0/CSharpPlaywrightBrowserStack.dll" --filter "Category=sample-test"
2023-11-30 22:22:27.5332|INFO|A.b|0 : 
2023-11-30 22:21:38.3924|INFO|browserstack_sdk.Program|Detected Playwright version 1.36.0
2023-11-30 22:21:38.6856|INFO|browserstack_sdk.Program|Detected dotnet version 6.0.417
2023-11-30 22:22:26.7917|INFO|browserstack_sdk.Program|running bash file
The following arguments have been ignored : "--no-build"
Microsoft (R) Test Execution Command Line Tool Version 17.3.3 (x64)
Copyright (c) Microsoft Corporation.  All rights reserved.

Starting test execution, please wait...
A total of 1 test files matched the specified pattern.
Failed to load extensions from file '/Users/vinayak/Desktop/Debug/csharp-playwright-browserstack/CSharp-Playwright-BrowserStack/bin/Debug/net6.0/ZZStack.TestAdapter.dll'. Please use /diag for more information.
Percy is enabled
Percy before eval domasync
Percy is enabled
Percy is enable in enabledaysnc
Return the response
Percy after eval domasync
Not able to capture the screenshot due to error SyntaxError: Illegal return statement
    at eval (<anonymous>)
    at UtilityScript.evaluate (<anonymous>:201:30)
    at UtilityScript.<anonymous> (<anonymous>:1:44)

  Failed SearchBstackDemo [42 s]
  Error Message:
   System.TimeoutException : Timeout 30000ms exceeded.
=========================== logs ===========================
waiting for locator('[id="\\31 "]').getByText('Add to Cart')
============================================================
  Stack Trace:
     at Microsoft.Playwright.Transport.Connection.InnerSendMessageToServerAsync[T](String guid, String method, Dictionary`2 dictionary, Boolean keepNulls) in /_/src/Playwright/Transport/Connection.cs:line 192
   at Microsoft.Playwright.Transport.Connection.WrapApiCallAsync[T](Func`1 action, Boolean isInternal)
   at CSharpPlaywrightBrowserStack.SampleTest.SearchBstackDemo() in /Users/vinayak/Desktop/Debug/csharp-playwright-browserstack/CSharp-Playwright-BrowserStack/SampleTest.cs:line 28
   at NUnit.Framework.Internal.TaskAwaitAdapter.GenericAdapter`1.BlockUntilCompleted()
   at NUnit.Framework.Internal.MessagePumpStrategy.NoMessagePumpStrategy.WaitForCompletion(AwaitAdapter awaiter)
   at NUnit.Framework.Internal.AsyncToSyncAdapter.Await(Func`1 invoke)
   at NUnit.Framework.Internal.Commands.TestMethodCommand.RunTestMethod(TestExecutionContext context)
   at NUnit.Framework.Internal.Commands.TestMethodCommand.Execute(TestExecutionContext context)
   at NUnit.Framework.Internal.Commands.BeforeAndAfterTestCommand.<>c__DisplayClass1_0.<Execute>b__0()
   at NUnit.Framework.Internal.Commands.DelegatingTestCommand.RunTestMethodInThreadAbortSafeZone(TestExecutionContext context, Action action)

  Standard Output Messages:
 Percy is enabled
 Percy before eval domasync
 Percy is enabled
 Percy is enable in enabledaysnc
 Return the response
 Percy after eval domasync
 Not able to capture the screenshot due to error SyntaxError: Illegal return statement
     at eval (<anonymous>)
     at UtilityScript.evaluate (<anonymous>:201:30)
     at UtilityScript.<anonymous> (<anonymous>:1:44)



Failed!  - Failed:     1, Passed:     0, Skipped:     0, Total:     1, Duration: 42 s - /Users/vinayak/Desktop/Debug/csharp-playwright-browserstack/CSharp-Playwright-BrowserStack/bin/Debug/net6.0/CSharpPlaywrightBrowserStack.dll (net6.0)
Results File: /var/folders/bc/6b1mjw4s4456g_gg5zbd9rw00000gn/T/.browserstack/results_dotnet/result_0/NUnit-Browserstack.xml

2023-11-30 22:22:27.1700|INFO|browserstack_sdk.utils|View build on BrowserStack dashboard: https://automate.browserstack.com/dashboard/v2/builds/3003308a6a4b30f4a3e8240d60772b1d4de5cef4


2023-11-30 22:22:27.5352|INFO|A.b|Getting results from: /var/folders/bc/6b1mjw4s4456g_gg5zbd9rw00000gn/T/.browserstack
2023-11-30 22:22:27.5531|INFO|A.b|Cleaning up adapter
2023-11-30 22:23:59.1817|INFO|A.b|Setting up adapter
2023-11-30 22:23:59.1999|INFO|BStack.VisualStudio.TestAdapter.BStackTestExecutor|NUnit test stated from cli
2023-11-30 22:24:51.6901|INFO|A.b|Exec: dotnet browserstack-sdk --skip-build-browserstack "/Users/vinayak/Desktop/Debug/csharp-playwright-browserstack/CSharp-Playwright-BrowserStack/bin/Debug/net6.0/CSharpPlaywrightBrowserStack.dll" --filter "Category=sample-test"
2023-11-30 22:24:51.6911|INFO|A.b|0 : 
2023-11-30 22:24:03.0110|INFO|browserstack_sdk.Program|Detected Playwright version 1.36.0
2023-11-30 22:24:03.3385|INFO|browserstack_sdk.Program|Detected dotnet version 6.0.417
2023-11-30 22:24:50.9087|INFO|browserstack_sdk.Program|running bash file
The following arguments have been ignored : "--no-build"
Microsoft (R) Test Execution Command Line Tool Version 17.3.3 (x64)
Copyright (c) Microsoft Corporation.  All rights reserved.

Starting test execution, please wait...
A total of 1 test files matched the specified pattern.
Failed to load extensions from file '/Users/vinayak/Desktop/Debug/csharp-playwright-browserstack/CSharp-Playwright-BrowserStack/bin/Debug/net6.0/ZZStack.TestAdapter.dll'. Please use /diag for more information.
Percy is enabled
Percy before eval domasync
Percy is enabled
Percy is enable in enabledaysnc
Return the response
Percy after eval domasync
Not able to capture the screenshot due to error SyntaxError: Illegal return statement
    at eval (<anonymous>)
    at UtilityScript.evaluate (<anonymous>:201:30)
    at UtilityScript.<anonymous> (<anonymous>:1:44)

  Failed SearchBstackDemo [41 s]
  Error Message:
   System.TimeoutException : Timeout 30000ms exceeded.
=========================== logs ===========================
waiting for locator('[id="\\31 "]').getByText('Add to Cart')
============================================================
  Stack Trace:
     at Microsoft.Playwright.Transport.Connection.InnerSendMessageToServerAsync[T](String guid, String method, Dictionary`2 dictionary, Boolean keepNulls) in /_/src/Playwright/Transport/Connection.cs:line 192
   at Microsoft.Playwright.Transport.Connection.WrapApiCallAsync[T](Func`1 action, Boolean isInternal)
   at CSharpPlaywrightBrowserStack.SampleTest.SearchBstackDemo() in /Users/vinayak/Desktop/Debug/csharp-playwright-browserstack/CSharp-Playwright-BrowserStack/SampleTest.cs:line 28
   at NUnit.Framework.Internal.TaskAwaitAdapter.GenericAdapter`1.BlockUntilCompleted()
   at NUnit.Framework.Internal.MessagePumpStrategy.NoMessagePumpStrategy.WaitForCompletion(AwaitAdapter awaiter)
   at NUnit.Framework.Internal.AsyncToSyncAdapter.Await(Func`1 invoke)
   at NUnit.Framework.Internal.Commands.TestMethodCommand.RunTestMethod(TestExecutionContext context)
   at NUnit.Framework.Internal.Commands.TestMethodCommand.Execute(TestExecutionContext context)
   at NUnit.Framework.Internal.Commands.BeforeAndAfterTestCommand.<>c__DisplayClass1_0.<Execute>b__0()
   at NUnit.Framework.Internal.Commands.DelegatingTestCommand.RunTestMethodInThreadAbortSafeZone(TestExecutionContext context, Action action)

  Standard Output Messages:
 Percy is enabled
 Percy before eval domasync
 Percy is enabled
 Percy is enable in enabledaysnc
 Return the response
 Percy after eval domasync
 Not able to capture the screenshot due to error SyntaxError: Illegal return statement
     at eval (<anonymous>)
     at UtilityScript.evaluate (<anonymous>:201:30)
     at UtilityScript.<anonymous> (<anonymous>:1:44)



Failed!  - Failed:     1, Passed:     0, Skipped:     0, Total:     1, Duration: 41 s - /Users/vinayak/Desktop/Debug/csharp-playwright-browserstack/CSharp-Playwright-BrowserStack/bin/Debug/net6.0/CSharpPlaywrightBrowserStack.dll (net6.0)
Results File: /var/folders/bc/6b1mjw4s4456g_gg5zbd9rw00000gn/T/.browserstack/results_dotnet/result_0/NUnit-Browserstack.xml

2023-11-30 22:24:51.2736|INFO|browserstack_sdk.utils|View build on BrowserStack dashboard: https://automate.browserstack.com/dashboard/v2/builds/41621522f5d4d73acc3a07c97711ed4d6642b9f2


2023-11-30 22:24:51.6922|INFO|A.b|Getting results from: /var/folders/bc/6b1mjw4s4456g_gg5zbd9rw00000gn/T/.browserstack
2023-11-30 22:24:51.7118|INFO|A.b|Cleaning up adapter
2023-11-30 22:32:50.8975|INFO|A.b|Setting up adapter
2023-11-30 22:32:50.9175|INFO|BStack.VisualStudio.TestAdapter.BStackTestExecutor|NUnit test stated from cli
2023-11-30 22:33:44.5099|INFO|A.b|Exec: dotnet browserstack-sdk --skip-build-browserstack "/Users/vinayak/Desktop/Debug/csharp-playwright-browserstack/CSharp-Playwright-BrowserStack/bin/Debug/net6.0/CSharpPlaywrightBrowserStack.dll" --filter "Category=sample-test"
2023-11-30 22:33:44.5103|INFO|A.b|0 : 
2023-11-30 22:32:54.1172|INFO|browserstack_sdk.Program|Detected Playwright version 1.36.0
2023-11-30 22:32:54.4145|INFO|browserstack_sdk.Program|Detected dotnet version 6.0.417
2023-11-30 22:33:43.7803|INFO|browserstack_sdk.Program|running bash file
The following arguments have been ignored : "--no-build"
Microsoft (R) Test Execution Command Line Tool Version 17.3.3 (x64)
Copyright (c) Microsoft Corporation.  All rights reserved.

Starting test execution, please wait...
A total of 1 test files matched the specified pattern.
Failed to load extensions from file '/Users/vinayak/Desktop/Debug/csharp-playwright-browserstack/CSharp-Playwright-BrowserStack/bin/Debug/net6.0/ZZStack.TestAdapter.dll'. Please use /diag for more information.
Percy is enabled
Percy before eval domasync
Percy is enabled
Percy is enable in enabledaysnc
Return the response
Percy after eval domasync
Not able to capture the screenshot due to error SyntaxError: Illegal return statement
    at eval (<anonymous>)
    at UtilityScript.evaluate (<anonymous>:201:30)
    at UtilityScript.<anonymous> (<anonymous>:1:44)

  Failed SearchBstackDemo [43 s]
  Error Message:
   System.TimeoutException : Timeout 30000ms exceeded.
=========================== logs ===========================
waiting for locator('[id="\\31 "]').getByText('Add to Cart')
============================================================
  Stack Trace:
     at Microsoft.Playwright.Transport.Connection.InnerSendMessageToServerAsync[T](String guid, String method, Dictionary`2 dictionary, Boolean keepNulls) in /_/src/Playwright/Transport/Connection.cs:line 192
   at Microsoft.Playwright.Transport.Connection.WrapApiCallAsync[T](Func`1 action, Boolean isInternal)
   at CSharpPlaywrightBrowserStack.SampleTest.SearchBstackDemo() in /Users/vinayak/Desktop/Debug/csharp-playwright-browserstack/CSharp-Playwright-BrowserStack/SampleTest.cs:line 32
   at NUnit.Framework.Internal.TaskAwaitAdapter.GenericAdapter`1.BlockUntilCompleted()
   at NUnit.Framework.Internal.MessagePumpStrategy.NoMessagePumpStrategy.WaitForCompletion(AwaitAdapter awaiter)
   at NUnit.Framework.Internal.AsyncToSyncAdapter.Await(Func`1 invoke)
   at NUnit.Framework.Internal.Commands.TestMethodCommand.RunTestMethod(TestExecutionContext context)
   at NUnit.Framework.Internal.Commands.TestMethodCommand.Execute(TestExecutionContext context)
   at NUnit.Framework.Internal.Commands.BeforeAndAfterTestCommand.<>c__DisplayClass1_0.<Execute>b__0()
   at NUnit.Framework.Internal.Commands.DelegatingTestCommand.RunTestMethodInThreadAbortSafeZone(TestExecutionContext context, Action action)

  Standard Output Messages:
 Percy is enabled
 Percy before eval domasync
 Percy is enabled
 Percy is enable in enabledaysnc
 Return the response
 Percy after eval domasync
 Not able to capture the screenshot due to error SyntaxError: Illegal return statement
     at eval (<anonymous>)
     at UtilityScript.evaluate (<anonymous>:201:30)
     at UtilityScript.<anonymous> (<anonymous>:1:44)



Failed!  - Failed:     1, Passed:     0, Skipped:     0, Total:     1, Duration: 43 s - /Users/vinayak/Desktop/Debug/csharp-playwright-browserstack/CSharp-Playwright-BrowserStack/bin/Debug/net6.0/CSharpPlaywrightBrowserStack.dll (net6.0)
Results File: /var/folders/bc/6b1mjw4s4456g_gg5zbd9rw00000gn/T/.browserstack/results_dotnet/result_0/NUnit-Browserstack.xml

2023-11-30 22:33:44.1442|INFO|browserstack_sdk.utils|View build on BrowserStack dashboard: https://automate.browserstack.com/dashboard/v2/builds/3f3d7b417e749b7ce6b760ab1a1a432cf566e501


2023-11-30 22:33:44.5114|INFO|A.b|Getting results from: /var/folders/bc/6b1mjw4s4456g_gg5zbd9rw00000gn/T/.browserstack
2023-11-30 22:33:44.5322|INFO|A.b|Cleaning up adapter
2023-11-30 22:35:43.8527|INFO|A.b|Setting up adapter
2023-11-30 22:35:43.8697|INFO|BStack.VisualStudio.TestAdapter.BStackTestExecutor|NUnit test stated from cli
2023-11-30 22:36:25.6411|INFO|A.b|Exec: dotnet browserstack-sdk --skip-build-browserstack "/Users/vinayak/Desktop/Debug/csharp-playwright-browserstack/CSharp-Playwright-BrowserStack/bin/Debug/net6.0/CSharpPlaywrightBrowserStack.dll" --filter "Category=sample-test"
2023-11-30 22:36:25.6411|INFO|A.b|0 : 
2023-11-30 22:35:46.9916|INFO|browserstack_sdk.Program|Detected Playwright version 1.36.0
2023-11-30 22:35:47.2989|INFO|browserstack_sdk.Program|Detected dotnet version 6.0.417
2023-11-30 22:36:23.9964|INFO|browserstack_sdk.Program|running bash file
The following arguments have been ignored : "--no-build"
Microsoft (R) Test Execution Command Line Tool Version 17.3.3 (x64)
Copyright (c) Microsoft Corporation.  All rights reserved.

Starting test execution, please wait...
A total of 1 test files matched the specified pattern.
Failed to load extensions from file '/Users/vinayak/Desktop/Debug/csharp-playwright-browserstack/CSharp-Playwright-BrowserStack/bin/Debug/net6.0/ZZStack.TestAdapter.dll'. Please use /diag for more information.
  Failed SearchBstackDemo [30 s]
  Error Message:
   System.TimeoutException : BrowserType.ConnectAsync: Timeout ms exceeded
  Stack Trace:
     at Microsoft.Playwright.Core.BrowserType.<>c__DisplayClass17_0.<ConnectAsync>b__10(TimeSpan _) in /_/src/Playwright/Core/BrowserType.cs:line 245
   at Microsoft.Playwright.Helpers.TaskHelper.WithTimeout[T](Task`1 task, TimeSpan timeout, Func`2 exceptionFactory) in /_/src/Playwright/Helpers/TaskHelper.cs:line 178
   at Microsoft.Playwright.Core.BrowserType.ConnectAsync(String wsEndpoint, BrowserTypeConnectOptions options) in /_/src/Playwright/Core/BrowserType.cs:line 245
   at Microsoft.Playwright.NUnit.BrowserService.<>c__DisplayClass4_0.<<Register>b__0>d.MoveNext() in /_/src/Playwright.NUnit/BrowserService.cs:line 36
--- End of stack trace from previous location ---
   at Microsoft.Playwright.NUnit.WorkerAwareTest.RegisterService[T](String name, Func`1 factory) in /_/src/Playwright.NUnit/WorkerAwareTest.cs:line 55
   at Microsoft.Playwright.NUnit.BrowserTest.BrowserSetup() in /_/src/Playwright.NUnit/BrowserTest.cs:line 46
   at NUnit.Framework.Internal.TaskAwaitAdapter.GenericAdapter`1.BlockUntilCompleted()
   at NUnit.Framework.Internal.MessagePumpStrategy.NoMessagePumpStrategy.WaitForCompletion(AwaitAdapter awaiter)
   at NUnit.Framework.Internal.AsyncToSyncAdapter.Await(Func`1 invoke)
   at NUnit.Framework.Internal.Commands.SetUpTearDownItem.RunSetUpOrTearDownMethod(TestExecutionContext context, IMethodInfo method)
   at NUnit.Framework.Internal.Commands.SetUpTearDownItem.RunSetUp(TestExecutionContext context)
   at NUnit.Framework.Internal.Commands.SetUpTearDownCommand.<>c__DisplayClass0_0.<.ctor>b__0(TestExecutionContext context)
   at NUnit.Framework.Internal.Commands.BeforeAndAfterTestCommand.<>c__DisplayClass1_0.<Execute>b__0()
   at NUnit.Framework.Internal.Commands.DelegatingTestCommand.RunTestMethodInThreadAbortSafeZone(TestExecutionContext context, Action action)


Failed!  - Failed:     1, Passed:     0, Skipped:     0, Total:     1, Duration: 30 s - /Users/vinayak/Desktop/Debug/csharp-playwright-browserstack/CSharp-Playwright-BrowserStack/bin/Debug/net6.0/CSharpPlaywrightBrowserStack.dll (net6.0)
Results File: /var/folders/bc/6b1mjw4s4456g_gg5zbd9rw00000gn/T/.browserstack/results_dotnet/result_0/NUnit-Browserstack.xml

2023-11-30 22:36:24.3346|INFO|browserstack_sdk.utils|View build on BrowserStack dashboard: https://automate.browserstack.com/dashboard/v2/builds/06cd95c7a0938f41f5206c5a3bd5afb7dd890e1b


2023-11-30 22:36:25.6426|INFO|A.b|Getting results from: /var/folders/bc/6b1mjw4s4456g_gg5zbd9rw00000gn/T/.browserstack
2023-11-30 22:36:25.6613|INFO|A.b|Cleaning up adapter
2023-11-30 22:36:57.9956|INFO|A.b|Setting up adapter
2023-11-30 22:36:58.0119|INFO|BStack.VisualStudio.TestAdapter.BStackTestExecutor|NUnit test stated from cli
2023-11-30 22:38:06.9282|INFO|A.b|Exec: dotnet browserstack-sdk --skip-build-browserstack "/Users/vinayak/Desktop/Debug/csharp-playwright-browserstack/CSharp-Playwright-BrowserStack/bin/Debug/net6.0/CSharpPlaywrightBrowserStack.dll" --filter "Category=sample-test"
2023-11-30 22:38:06.9282|INFO|A.b|0 : 
2023-11-30 22:37:01.1497|INFO|browserstack_sdk.Program|Detected Playwright version 1.36.0
2023-11-30 22:37:01.4417|INFO|browserstack_sdk.Program|Detected dotnet version 6.0.417
2023-11-30 22:38:06.2116|INFO|browserstack_sdk.Program|running bash file
The following arguments have been ignored : "--no-build"
Microsoft (R) Test Execution Command Line Tool Version 17.3.3 (x64)
Copyright (c) Microsoft Corporation.  All rights reserved.

Starting test execution, please wait...
A total of 1 test files matched the specified pattern.
Failed to load extensions from file '/Users/vinayak/Desktop/Debug/csharp-playwright-browserstack/CSharp-Playwright-BrowserStack/bin/Debug/net6.0/ZZStack.TestAdapter.dll'. Please use /diag for more information.
Percy is enabled
Percy before eval domasync
Percy is enabled
Percy is enable in enabledaysnc
Return the response
Percy after eval domasync
Not able to capture the screenshot due to error SyntaxError: Illegal return statement
    at eval (<anonymous>)
    at UtilityScript.evaluate (<anonymous>:201:30)
    at UtilityScript.<anonymous> (<anonymous>:1:44)

  Failed SearchBstackDemo [59 s]
  Error Message:
   System.TimeoutException : Timeout 30000ms exceeded.
=========================== logs ===========================
waiting for locator('[id="\\31 "]').getByText('Add to Cart')
============================================================
  Stack Trace:
     at Microsoft.Playwright.Transport.Connection.InnerSendMessageToServerAsync[T](String guid, String method, Dictionary`2 dictionary, Boolean keepNulls) in /_/src/Playwright/Transport/Connection.cs:line 192
   at Microsoft.Playwright.Transport.Connection.WrapApiCallAsync[T](Func`1 action, Boolean isInternal)
   at CSharpPlaywrightBrowserStack.SampleTest.SearchBstackDemo() in /Users/vinayak/Desktop/Debug/csharp-playwright-browserstack/CSharp-Playwright-BrowserStack/SampleTest.cs:line 32
   at NUnit.Framework.Internal.TaskAwaitAdapter.GenericAdapter`1.BlockUntilCompleted()
   at NUnit.Framework.Internal.MessagePumpStrategy.NoMessagePumpStrategy.WaitForCompletion(AwaitAdapter awaiter)
   at NUnit.Framework.Internal.AsyncToSyncAdapter.Await(Func`1 invoke)
   at NUnit.Framework.Internal.Commands.TestMethodCommand.RunTestMethod(TestExecutionContext context)
   at NUnit.Framework.Internal.Commands.TestMethodCommand.Execute(TestExecutionContext context)
   at NUnit.Framework.Internal.Commands.BeforeAndAfterTestCommand.<>c__DisplayClass1_0.<Execute>b__0()
   at NUnit.Framework.Internal.Commands.DelegatingTestCommand.RunTestMethodInThreadAbortSafeZone(TestExecutionContext context, Action action)

  Standard Output Messages:
 Percy is enabled
 Percy before eval domasync
 Percy is enabled
 Percy is enable in enabledaysnc
 Return the response
 Percy after eval domasync
 Not able to capture the screenshot due to error SyntaxError: Illegal return statement
     at eval (<anonymous>)
     at UtilityScript.evaluate (<anonymous>:201:30)
     at UtilityScript.<anonymous> (<anonymous>:1:44)



Failed!  - Failed:     1, Passed:     0, Skipped:     0, Total:     1, Duration: 59 s - /Users/vinayak/Desktop/Debug/csharp-playwright-browserstack/CSharp-Playwright-BrowserStack/bin/Debug/net6.0/CSharpPlaywrightBrowserStack.dll (net6.0)
Results File: /var/folders/bc/6b1mjw4s4456g_gg5zbd9rw00000gn/T/.browserstack/results_dotnet/result_0/NUnit-Browserstack.xml

2023-11-30 22:38:06.5638|INFO|browserstack_sdk.utils|View build on BrowserStack dashboard: https://automate.browserstack.com/dashboard/v2/builds/654daec226112f687886dcddd38b59358d288ed5


2023-11-30 22:38:06.9295|INFO|A.b|Getting results from: /var/folders/bc/6b1mjw4s4456g_gg5zbd9rw00000gn/T/.browserstack
2023-11-30 22:38:06.9478|INFO|A.b|Cleaning up adapter
2023-12-01 10:07:33.1185|INFO|A.b|Setting up adapter
2023-12-01 10:07:33.1378|INFO|BStack.VisualStudio.TestAdapter.BStackTestExecutor|NUnit test stated from cli
2023-12-01 10:07:47.3366|INFO|A.b|Exec: dotnet browserstack-sdk --skip-build-browserstack "/Users/vinayak/Desktop/Debug/csharp-playwright-browserstack/CSharp-Playwright-BrowserStack/bin/Debug/net6.0/CSharpPlaywrightBrowserStack.dll" --filter "Category=sample-test"
2023-12-01 10:07:47.3375|INFO|A.b|0 : 
2023-12-01 10:07:36.8053|INFO|browserstack_sdk.Program|Detected Playwright version 1.36.0
2023-12-01 10:07:37.0808|INFO|browserstack_sdk.Program|Detected dotnet version 6.0.417
2023-12-01 10:07:45.7419|INFO|browserstack_sdk.Program|running bash file
The following arguments have been ignored : "--no-build"
Microsoft (R) Test Execution Command Line Tool Version 17.3.3 (x64)
Copyright (c) Microsoft Corporation.  All rights reserved.

Starting test execution, please wait...
A total of 1 test files matched the specified pattern.
Failed to load extensions from file '/Users/vinayak/Desktop/Debug/csharp-playwright-browserstack/CSharp-Playwright-BrowserStack/bin/Debug/net6.0/ZZStack.TestAdapter.dll'. Please use /diag for more information.
  Failed SearchBstackDemo [2 s]
  Error Message:
   Microsoft.Playwright.PlaywrightException : Browser has been closed
  Stack Trace:
     at Microsoft.Playwright.Transport.Connection.InnerSendMessageToServerAsync[T](String guid, String method, Dictionary`2 dictionary, Boolean keepNulls) in /_/src/Playwright/Transport/Connection.cs:line 192
   at Microsoft.Playwright.Transport.Connection.WrapApiCallAsync[T](Func`1 action, Boolean isInternal) in /_/src/Playwright/Transport/Connection.cs:line 515
   at Microsoft.Playwright.Transport.Channels.Root.InitializeAsync() in /_/src/Playwright/Transport/Channels/Root.cs:line 48
   at Microsoft.Playwright.Core.BrowserType.<>c__DisplayClass17_0.<<ConnectAsync>g__CreateBrowserAsync|8>d.MoveNext() in /_/src/Playwright/Core/BrowserType.cs:line 230
--- End of stack trace from previous location ---
   at Microsoft.Playwright.Helpers.TaskHelper.WithTimeout[T](Task`1 task, TimeSpan timeout, Func`2 exceptionFactory) in /_/src/Playwright/Helpers/TaskHelper.cs:line 181
   at Microsoft.Playwright.Core.BrowserType.ConnectAsync(String wsEndpoint, BrowserTypeConnectOptions options) in /_/src/Playwright/Core/BrowserType.cs:line 245
   at Microsoft.Playwright.NUnit.BrowserService.<>c__DisplayClass4_0.<<Register>b__0>d.MoveNext() in /_/src/Playwright.NUnit/BrowserService.cs:line 36
--- End of stack trace from previous location ---
   at Microsoft.Playwright.NUnit.WorkerAwareTest.RegisterService[T](String name, Func`1 factory) in /_/src/Playwright.NUnit/WorkerAwareTest.cs:line 55
   at Microsoft.Playwright.NUnit.BrowserTest.BrowserSetup() in /_/src/Playwright.NUnit/BrowserTest.cs:line 46
   at NUnit.Framework.Internal.TaskAwaitAdapter.GenericAdapter`1.BlockUntilCompleted()
   at NUnit.Framework.Internal.MessagePumpStrategy.NoMessagePumpStrategy.WaitForCompletion(AwaitAdapter awaiter)
   at NUnit.Framework.Internal.AsyncToSyncAdapter.Await(Func`1 invoke)
   at NUnit.Framework.Internal.Commands.SetUpTearDownItem.RunSetUpOrTearDownMethod(TestExecutionContext context, IMethodInfo method)
   at NUnit.Framework.Internal.Commands.SetUpTearDownItem.RunSetUp(TestExecutionContext context)
   at NUnit.Framework.Internal.Commands.SetUpTearDownCommand.<>c__DisplayClass0_0.<.ctor>b__0(TestExecutionContext context)
   at NUnit.Framework.Internal.Commands.BeforeAndAfterTestCommand.<>c__DisplayClass1_0.<Execute>b__0()
   at NUnit.Framework.Internal.Commands.DelegatingTestCommand.RunTestMethodInThreadAbortSafeZone(TestExecutionContext context, Action action)


Failed!  - Failed:     1, Passed:     0, Skipped:     0, Total:     1, Duration: 2 s - /Users/vinayak/Desktop/Debug/csharp-playwright-browserstack/CSharp-Playwright-BrowserStack/bin/Debug/net6.0/CSharpPlaywrightBrowserStack.dll (net6.0)
Results File: /var/folders/bc/6b1mjw4s4456g_gg5zbd9rw00000gn/T/.browserstack/results_dotnet/result_0/NUnit-Browserstack.xml

2023-12-01 10:07:46.0981|INFO|browserstack_sdk.utils|View build on BrowserStack dashboard: https://automate.browserstack.com/dashboard/v2/builds/df449b5e4cc08cf117724d5e3e1b941e0439a56f


2023-12-01 10:07:47.3390|INFO|A.b|Getting results from: /var/folders/bc/6b1mjw4s4456g_gg5zbd9rw00000gn/T/.browserstack
2023-12-01 10:07:47.3561|INFO|A.b|Cleaning up adapter
